<?xml version="1.0" encoding="UTF-8"?>
<testng-results total="1" passed="1" failed="0" skipped="0">
  <reporter-output>
  </reporter-output>
  <suite started-at="2020-10-17T20:25:36Z" name="Functional Suite" finished-at="2020-10-17T20:25:53Z" duration-ms="17662">
    <groups>
    </groups>
    <test started-at="2020-10-17T20:25:36Z" name="Login Test" finished-at="2020-10-17T20:25:53Z" duration-ms="17662">
      <class name="PlayAround.HollywoodBet.testing.AppTest">
        <test-method is-config="true" signature="setup()[pri:0, instance:PlayAround.HollywoodBet.testing.AppTest@639aba11]" started-at="2020-10-17T22:25:29Z" name="setup" finished-at="2020-10-17T22:25:36Z" duration-ms="7163" status="PASS">
          <reporter-output>
          </reporter-output>
        </test-method> <!-- setup -->
        <test-method is-config="true" signature="testSetup(java.lang.reflect.Method)[pri:0, instance:PlayAround.HollywoodBet.testing.AppTest@639aba11]" started-at="2020-10-17T22:25:36Z" name="testSetup" finished-at="2020-10-17T22:25:36Z" duration-ms="9" status="PASS">
          <params>
            <param index="0">
              <value>
                <![CDATA[public void PlayAround.HollywoodBet.testing.AppTest.testTrial(java.util.List)]]>
              </value>
            </param>
          </params>
          <reporter-output>
          </reporter-output>
        </test-method> <!-- testSetup -->
        <test-method signature="testTrial(java.util.List)[pri:0, instance:PlayAround.HollywoodBet.testing.AppTest@639aba11]" started-at="2020-10-17T22:25:36Z" name="testTrial" data-provider="getTeams" finished-at="2020-10-17T22:25:53Z" duration-ms="17631" status="PASS">
          <params>
            <param index="0">
              <value>
                <![CDATA[[{Away=Wolves, Home=Liverpool}]]]>
              </value>
            </param>
          </params>
          <reporter-output>
          </reporter-output>
        </test-method> <!-- testTrial -->
        <test-method is-config="true" signature="testTearDown()[pri:0, instance:PlayAround.HollywoodBet.testing.AppTest@639aba11]" started-at="2020-10-17T22:25:53Z" name="testTearDown" finished-at="2020-10-17T22:25:53Z" duration-ms="0" status="PASS">
          <reporter-output>
          </reporter-output>
        </test-method> <!-- testTearDown -->
        <test-method is-config="true" signature="teardown()[pri:0, instance:PlayAround.HollywoodBet.testing.AppTest@639aba11]" started-at="2020-10-17T22:25:54Z" name="teardown" finished-at="2020-10-17T22:25:54Z" duration-ms="218" status="PASS">
          <reporter-output>
          </reporter-output>
        </test-method> <!-- teardown -->
      </class> <!-- PlayAround.HollywoodBet.testing.AppTest -->
    </test> <!-- Login Test -->
  </suite> <!-- Functional Suite -->
</testng-results>
