<?xml version="1.0" encoding="UTF-8"?>
<testng-results total="1" passed="1" failed="0" skipped="0">
  <reporter-output>
  </reporter-output>
  <suite started-at="2020-10-11T18:54:10Z" name="Functional Suite" finished-at="2020-10-11T18:54:10Z" duration-ms="24">
    <groups>
    </groups>
    <test started-at="2020-10-11T18:54:10Z" name="Login Test" finished-at="2020-10-11T18:54:10Z" duration-ms="24">
      <class name="PlayAround.HollywoodBet.testing.AppTest">
        <test-method is-config="true" signature="setup()[pri:0, instance:PlayAround.HollywoodBet.testing.AppTest@40e60ece]" started-at="2020-10-11T20:54:10Z" name="setup" finished-at="2020-10-11T20:54:10Z" duration-ms="21" status="PASS">
          <reporter-output>
          </reporter-output>
        </test-method> <!-- setup -->
        <test-method is-config="true" signature="testSetup()[pri:0, instance:PlayAround.HollywoodBet.testing.AppTest@40e60ece]" started-at="2020-10-11T20:54:10Z" name="testSetup" finished-at="2020-10-11T20:54:10Z" duration-ms="1" status="PASS">
          <reporter-output>
          </reporter-output>
        </test-method> <!-- testSetup -->
        <test-method signature="test()[pri:0, instance:PlayAround.HollywoodBet.testing.AppTest@40e60ece]" started-at="2020-10-11T20:54:10Z" name="test" finished-at="2020-10-11T20:54:10Z" duration-ms="2" status="PASS">
          <reporter-output>
          </reporter-output>
        </test-method> <!-- test -->
        <test-method is-config="true" signature="testTearDown()[pri:0, instance:PlayAround.HollywoodBet.testing.AppTest@40e60ece]" started-at="2020-10-11T20:54:10Z" name="testTearDown" finished-at="2020-10-11T20:54:10Z" duration-ms="0" status="PASS">
          <reporter-output>
          </reporter-output>
        </test-method> <!-- testTearDown -->
        <test-method is-config="true" signature="teardown()[pri:0, instance:PlayAround.HollywoodBet.testing.AppTest@40e60ece]" started-at="2020-10-11T20:54:10Z" name="teardown" finished-at="2020-10-11T20:54:10Z" duration-ms="0" status="PASS">
          <reporter-output>
          </reporter-output>
        </test-method> <!-- teardown -->
      </class> <!-- PlayAround.HollywoodBet.testing.AppTest -->
    </test> <!-- Login Test -->
  </suite> <!-- Functional Suite -->
</testng-results>
