<?xml version="1.0" encoding="UTF-8"?>
<testng-results ignored="0" total="1" passed="1" failed="0" skipped="0">
  <reporter-output>
  </reporter-output>
  <suite started-at="2020-10-20T22:18:57 CAT" name="Default suite" finished-at="2020-10-20T22:20:37 CAT" duration-ms="99925">
    <groups>
    </groups>
    <test started-at="2020-10-20T22:18:57 CAT" name="Default test" finished-at="2020-10-20T22:20:37 CAT" duration-ms="99925">
      <class name="PlayAround.HollywoodBet.testing.AppTest">
        <test-method is-config="true" signature="setup()[pri:0, instance:PlayAround.HollywoodBet.testing.AppTest@3541cb24]" started-at="2020-10-20T22:18:52 CAT" name="setup" finished-at="2020-10-20T22:18:57 CAT" duration-ms="4582" status="PASS">
          <reporter-output>
          </reporter-output>
        </test-method> <!-- setup -->
        <test-method is-config="true" signature="testSetup(java.lang.reflect.Method)[pri:0, instance:PlayAround.HollywoodBet.testing.AppTest@3541cb24]" started-at="2020-10-20T22:18:57 CAT" name="testSetup" finished-at="2020-10-20T22:18:57 CAT" duration-ms="5" status="PASS">
          <params>
            <param index="0">
              <value>
                <![CDATA[public void PlayAround.HollywoodBet.testing.AppTest.testTrial(java.util.List)]]>
              </value>
            </param>
          </params>
          <reporter-output>
          </reporter-output>
        </test-method> <!-- testSetup -->
        <test-method signature="testTrial(java.util.List)[pri:0, instance:PlayAround.HollywoodBet.testing.AppTest@3541cb24]" started-at="2020-10-20T22:18:57 CAT" name="testTrial" data-provider="getTeams" finished-at="2020-10-20T22:20:37 CAT" duration-ms="99889" status="PASS">
          <params>
            <param index="0">
              <value>
                <![CDATA[[{League=England: Premier League (m), Away=Burnley, Home=Liverpool, Country=(ENGLAND)}]]]>
              </value>
            </param>
          </params>
          <reporter-output>
          </reporter-output>
        </test-method> <!-- testTrial -->
        <test-method is-config="true" signature="testTearDown()[pri:0, instance:PlayAround.HollywoodBet.testing.AppTest@3541cb24]" started-at="2020-10-20T22:20:37 CAT" name="testTearDown" finished-at="2020-10-20T22:20:37 CAT" duration-ms="1" status="PASS">
          <reporter-output>
          </reporter-output>
        </test-method> <!-- testTearDown -->
        <test-method is-config="true" signature="teardown()[pri:0, instance:PlayAround.HollywoodBet.testing.AppTest@3541cb24]" started-at="2020-10-20T22:20:37 CAT" name="teardown" finished-at="2020-10-20T22:20:38 CAT" duration-ms="560" status="PASS">
          <reporter-output>
          </reporter-output>
        </test-method> <!-- teardown -->
      </class> <!-- PlayAround.HollywoodBet.testing.AppTest -->
    </test> <!-- Default test -->
  </suite> <!-- Default suite -->
</testng-results>
